[INFO] Scanning for projects...
[INFO] 
[INFO] ----------------------< com.example:demo_service >----------------------
[INFO] Building  0.0.1-SNAPSHOT
[INFO]   from pom.xml
[INFO] --------------------------------[ jar ]---------------------------------
[INFO] 
[INFO] >>> spring-boot:4.0.5:run (default-cli) > test-compile @ demo_service >>>
[INFO] 
[INFO] --- resources:3.3.1:resources (default-resources) @ demo_service ---
[INFO] Copying 1 resource from src\main\resources to target\classes
[INFO] Copying 0 resource from src\main\resources to target\classes
[INFO] 
[INFO] --- compiler:3.14.1:compile (default-compile) @ demo_service ---
[INFO] Nothing to compile - all classes are up to date.
[INFO] 
[INFO] --- resources:3.3.1:testResources (default-testResources) @ demo_service ---
[INFO] skip non existing resourceDirectory C:\Users\jhonf\Downloads\demo_service\src\test\resources
[INFO] 
[INFO] --- compiler:3.14.1:testCompile (default-testCompile) @ demo_service ---
[INFO] Nothing to compile - all classes are up to date.
[INFO] 
[INFO] <<< spring-boot:4.0.5:run (default-cli) < test-compile @ demo_service <<<
[INFO] 
[INFO] 
[INFO] --- spring-boot:4.0.5:run (default-cli) @ demo_service ---
[INFO] Attaching agents: []

  .   ____          _            __ _ _
 /\\ / ___'_ __ _ _(_)_ __  __ _ \ \ \ \
( ( )\___ | '_ | '_| | '_ \/ _` | \ \ \ \
 \\/  ___)| |_)| | | | | || (_| |  ) ) ) )
  '  |____| .__|_| |_|_| |_\__, | / / / /
 =========|_|==============|___/=/_/_/_/

 :: Spring Boot ::                (v4.0.5)

2026-03-28T08:32:49.231-05:00  INFO 21148 --- [demo_service] [  restartedMain] c.e.demo_service.DemoServiceApplication  : Starting DemoServiceApplication using Java 21.0.5 with PID 21148 (C:\Users\jhonf\Downloads\demo_service\target\classes started by jhonf in C:\Users\jhonf\Downloads\demo_service)
2026-03-28T08:32:49.234-05:00  INFO 21148 --- [demo_service] [  restartedMain] c.e.demo_service.DemoServiceApplication  : No active profile set, falling back to 1 default profile: "default"
2026-03-28T08:32:49.302-05:00  INFO 21148 --- [demo_service] [  restartedMain] .e.DevToolsPropertyDefaultsPostProcessor : Devtools property defaults active! Set 'spring.devtools.add-properties' to 'false' to disable
2026-03-28T08:32:49.302-05:00  INFO 21148 --- [demo_service] [  restartedMain] .e.DevToolsPropertyDefaultsPostProcessor : For additional web related logging consider setting the 'logging.level.web' property to 'DEBUG'
2026-03-28T08:32:50.048-05:00  INFO 21148 --- [demo_service] [  restartedMain] .s.d.r.c.RepositoryConfigurationDelegate : Bootstrapping Spring Data JPA repositories in DEFAULT mode.
2026-03-28T08:32:50.117-05:00  INFO 21148 --- [demo_service] [  restartedMain] .s.d.r.c.RepositoryConfigurationDelegate : Finished Spring Data repository scanning in 56 ms. Found 1 JPA repository interface.
2026-03-28T08:32:50.748-05:00  INFO 21148 --- [demo_service] [  restartedMain] o.s.boot.tomcat.TomcatWebServer          : Tomcat initialized with port 8080 (http)
2026-03-28T08:32:50.768-05:00  INFO 21148 --- [demo_service] [  restartedMain] o.apache.catalina.core.StandardService   : Starting service [Tomcat]
2026-03-28T08:32:50.768-05:00  INFO 21148 --- [demo_service] [  restartedMain] o.apache.catalina.core.StandardEngine    : Starting Servlet engine: [Apache Tomcat/11.0.20]
2026-03-28T08:32:50.822-05:00  INFO 21148 --- [demo_service] [  restartedMain] b.w.c.s.WebApplicationContextInitializer : Root WebApplicationContext: initialization completed in 1519 ms
2026-03-28T08:32:51.019-05:00  INFO 21148 --- [demo_service] [  restartedMain] org.hibernate.orm.jpa                    : HHH008540: Processing PersistenceUnitInfo [name: default]
2026-03-28T08:32:51.081-05:00  INFO 21148 --- [demo_service] [  restartedMain] org.hibernate.orm.core                   : HHH000001: Hibernate ORM core version 7.2.7.Final
2026-03-28T08:32:51.587-05:00  INFO 21148 --- [demo_service] [  restartedMain] o.s.o.j.p.SpringPersistenceUnitInfo      : No LoadTimeWeaver setup: ignoring JPA class transformer
2026-03-28T08:32:51.619-05:00  INFO 21148 --- [demo_service] [  restartedMain] com.zaxxer.hikari.HikariDataSource       : HikariPool-1 - Starting...
2026-03-28T08:32:51.777-05:00  INFO 21148 --- [demo_service] [  restartedMain] com.zaxxer.hikari.pool.HikariPool        : HikariPool-1 - Added connection conn0: url=jdbc:h2:mem:demo_db user=SA
2026-03-28T08:32:51.778-05:00  INFO 21148 --- [demo_service] [  restartedMain] com.zaxxer.hikari.HikariDataSource       : HikariPool-1 - Start completed.
2026-03-28T08:32:51.798-05:00  WARN 21148 --- [demo_service] [  restartedMain] org.hibernate.orm.deprecation            : HHH90000025: H2Dialect does not need to be specified explicitly using 'hibernate.dialect' (remove the property setting and it will be selected by default)
2026-03-28T08:32:51.815-05:00  INFO 21148 --- [demo_service] [  restartedMain] org.hibernate.orm.connections.pooling    : HHH10001005: Database info:
	Database JDBC URL [jdbc:h2:mem:demo_db]
	Database driver: H2 JDBC Driver
	Database dialect: H2Dialect
	Database version: 2.4.240
	Default catalog/schema: DEMO_DB/PUBLIC
	Autocommit mode: undefined/unknown
	Isolation level: READ_COMMITTED [default READ_COMMITTED]
	JDBC fetch size: 100
	Pool: DataSourceConnectionProvider
	Minimum pool size: undefined/unknown
	Maximum pool size: undefined/unknown
2026-03-28T08:32:52.564-05:00  INFO 21148 --- [demo_service] [  restartedMain] org.hibernate.orm.core                   : HHH000489: No JTA platform available (set 'hibernate.transaction.jta.platform' to enable JTA platform integration)
Hibernate: create table usuarios (id bigint generated by default as identity, edad integer not null, email varchar(255) not null, nombre varchar(255) not null, primary key (id))
Hibernate: alter table if exists usuarios drop constraint if exists UKkfsp0s1tflm1cwlj8idhqsad0
Hibernate: alter table if exists usuarios add constraint UKkfsp0s1tflm1cwlj8idhqsad0 unique (email)
2026-03-28T08:32:52.634-05:00  INFO 21148 --- [demo_service] [  restartedMain] j.LocalContainerEntityManagerFactoryBean : Initialized JPA EntityManagerFactory for persistence unit 'default'
2026-03-28T08:32:52.709-05:00  INFO 21148 --- [demo_service] [  restartedMain] o.s.d.j.r.query.QueryEnhancerFactories   : Hibernate is in classpath; If applicable, HQL parser will be used.
2026-03-28T08:32:53.371-05:00  WARN 21148 --- [demo_service] [  restartedMain] JpaBaseConfiguration$JpaWebConfiguration : spring.jpa.open-in-view is enabled by default. Therefore, database queries may be performed during view rendering. Explicitly configure spring.jpa.open-in-view to disable this warning
2026-03-28T08:32:53.690-05:00  INFO 21148 --- [demo_service] [  restartedMain] o.s.boot.tomcat.TomcatWebServer          : Tomcat started on port 8080 (http) with context path '/'
2026-03-28T08:32:53.696-05:00  INFO 21148 --- [demo_service] [  restartedMain] c.e.demo_service.DemoServiceApplication  : Started DemoServiceApplication in 5.038 seconds (process running for 5.679)
2026-03-28T08:33:05.387-05:00  INFO 21148 --- [demo_service] [nio-8080-exec-1] o.a.c.c.C.[Tomcat].[localhost].[/]       : Initializing Spring DispatcherServlet 'dispatcherServlet'
2026-03-28T08:33:05.387-05:00  INFO 21148 --- [demo_service] [nio-8080-exec-1] o.s.web.servlet.DispatcherServlet        : Initializing Servlet 'dispatcherServlet'
2026-03-28T08:33:05.390-05:00  INFO 21148 --- [demo_service] [nio-8080-exec-1] o.s.web.servlet.DispatcherServlet        : Completed initialization in 3 ms
